<?xml version="1.0" encoding="UTF-8"?>
<!-- Generated by org.testng.reporters.JUnitReportReporter -->
<testsuite hostname="LAPTOP-741M6KJT" failures="0" tests="1" name="com.ds.utilis.ReadConfig" time="0.007" errors="0" timestamp="2023-02-12T09:39:50 IST" skipped="0">
  <testcase classname="com.ds.utilis.ReadConfig" name="getApplicationurl" time="0.007"/>
  <system-out/>
</testsuite> <!-- com.ds.utilis.ReadConfig -->
